[debug] [2021-04-09T18:59:47.852Z] ----------------------------------------------------------------------
[debug] [2021-04-09T18:59:47.855Z] Command:       C:\Program Files\nodejs\node.exe C:\Users\kmarshall\AppData\Roaming\npm\node_modules\firebase-tools\lib\bin\firebase.js functions:shell
[debug] [2021-04-09T18:59:47.856Z] CLI Version:   9.9.0
[debug] [2021-04-09T18:59:47.856Z] Platform:      win32
[debug] [2021-04-09T18:59:47.856Z] Node Version:  v14.16.1
[debug] [2021-04-09T18:59:47.859Z] Time:          Fri Apr 09 2021 14:59:47 GMT-0400 (Eastern Daylight Time)
[debug] [2021-04-09T18:59:47.859Z] ----------------------------------------------------------------------
[debug] 
[debug] [2021-04-09T18:59:47.881Z] > command requires scopes: ["email","openid","https://www.googleapis.com/auth/cloudplatformprojects.readonly","https://www.googleapis.com/auth/firebase","https://www.googleapis.com/auth/cloud-platform"]
[debug] [2021-04-09T18:59:47.882Z] > authorizing via signed-in user (kmarshall121995@gmail.com)
[debug] [2021-04-09T18:59:47.882Z] [iam] checking project portbbddb for permissions ["firebase.projects.get"]
[debug] [2021-04-09T18:59:47.885Z] >>> HTTP REQUEST POST https://cloudresourcemanager.googleapis.com/v1/projects/portbbddb:testIamPermissions  
 {"permissions":["firebase.projects.get"]}
[debug] [2021-04-09T18:59:48.056Z] <<< HTTP RESPONSE 200 {"content-type":"application/json; charset=UTF-8","vary":"X-Origin, Referer, Origin,Accept-Encoding","date":"Fri, 09 Apr 2021 18:59:48 GMT","server":"ESF","cache-control":"private","x-xss-protection":"0","x-frame-options":"SAMEORIGIN","x-content-type-options":"nosniff","server-timing":"gfet4t7; dur=43","alt-svc":"h3-29=\":443\"; ma=2592000,h3-T051=\":443\"; ma=2592000,h3-Q050=\":443\"; ma=2592000,h3-Q046=\":443\"; ma=2592000,h3-Q043=\":443\"; ma=2592000,quic=\":443\"; ma=2592000; v=\"46,43\"","accept-ranges":"none","transfer-encoding":"chunked"}
[warn] !  Your requested "node" version "12" doesn't match your global version "14" {"metadata":{"emulator":{"name":"functions"},"message":"Your requested \"node\" version \"12\" doesn't match your global version \"14\""}}
[debug] [2021-04-09T18:59:48.099Z] defaultcredentials: writing to file C:\Users\kmarshall\AppData\Roaming\firebase\kmarshall121995_gmail_com_application_default_credentials.json
[debug] [2021-04-09T18:59:48.117Z] DEBUG: Setting GAC to C:\Users\kmarshall\AppData\Roaming\firebase\kmarshall121995_gmail_com_application_default_credentials.json
[debug] [2021-04-09T18:59:48.119Z] > refreshing access token with scopes: []
[debug] [2021-04-09T18:59:48.119Z] >>> HTTP REQUEST POST https://www.googleapis.com/oauth2/v3/token  
 <request body omitted>
[debug] [2021-04-09T18:59:48.330Z] <<< HTTP RESPONSE 200 {"cache-control":"no-cache, no-store, max-age=0, must-revalidate","pragma":"no-cache","date":"Fri, 09 Apr 2021 18:59:48 GMT","expires":"Mon, 01 Jan 1990 00:00:00 GMT","content-type":"application/json; charset=utf-8","vary":"X-Origin, Referer, Origin,Accept-Encoding","server":"scaffolding on HTTPServer2","x-xss-protection":"0","x-frame-options":"SAMEORIGIN","x-content-type-options":"nosniff","alt-svc":"h3-29=\":443\"; ma=2592000,h3-T051=\":443\"; ma=2592000,h3-Q050=\":443\"; ma=2592000,h3-Q046=\":443\"; ma=2592000,h3-Q043=\":443\"; ma=2592000,quic=\":443\"; ma=2592000; v=\"46,43\"","accept-ranges":"none","transfer-encoding":"chunked"}
[debug] [2021-04-09T18:59:48.379Z] >>> [apiv2][query] GET https://firebase.googleapis.com/v1beta1/projects/portbbddb/adminSdkConfig [none]
[debug] [2021-04-09T18:59:48.743Z] <<< [apiv2][status] GET https://firebase.googleapis.com/v1beta1/projects/portbbddb/adminSdkConfig 200
[debug] [2021-04-09T18:59:48.743Z] <<< [apiv2][body] GET https://firebase.googleapis.com/v1beta1/projects/portbbddb/adminSdkConfig {"projectId":"portbbddb","storageBucket":"portbbddb.appspot.com","locationId":"us-central"}
[debug] [2021-04-09T18:59:48.774Z] [functions] Watching "C:\Users\kmarshall\techchat\functions" for Cloud Functions...
[debug] [2021-04-09T18:59:48.793Z] DEBUG: [worker-pool] addWorker(~diagnostic~)
[debug] [2021-04-09T18:59:48.794Z] DEBUG: [worker-pool] Adding worker with key ~diagnostic~, total=1
[debug] [2021-04-09T18:59:48.794Z] DEBUG: [worker-pool] submitWork(triggerId=)
[debug] [2021-04-09T18:59:48.795Z] DEBUG: [worker-~diagnostic~-d3e45a21-fe21-4057-a407-85f2e123a124]: Assigning socketPath: \\?\pipe\C:\Users\kmarshall\techchat\functions\32376
[debug] [2021-04-09T18:59:48.796Z] DEBUG: [worker-~diagnostic~-d3e45a21-fe21-4057-a407-85f2e123a124]: BUSY
[debug] [2021-04-09T18:59:49.493Z] DEBUG: [runtime-status] [32376] Functions runtime initialized. {"cwd":"C:\\Users\\kmarshall\\techchat\\functions","node_version":"14.16.1"}
[debug] [2021-04-09T18:59:49.494Z] DEBUG: [runtime-status] [32376] Disabled runtime features: undefined
[debug] [2021-04-09T18:59:49.509Z] DEBUG: [runtime-status] [32376] Resolved module firebase-admin {"declared":true,"installed":true,"version":"9.6.0","resolution":"C:\\Users\\kmarshall\\techchat\\functions\\node_modules\\firebase-admin\\lib\\index.js"}
[debug] [2021-04-09T18:59:49.518Z] DEBUG: [runtime-status] [32376] Resolved module firebase-functions {"declared":true,"installed":true,"version":"3.13.2","resolution":"C:\\Users\\kmarshall\\techchat\\functions\\node_modules\\firebase-functions\\lib\\index.js"}
[debug] [2021-04-09T18:59:49.524Z] DEBUG: [runtime-status] [32376] Resolved module firebase-functions {"declared":true,"installed":true,"version":"3.13.2","resolution":"C:\\Users\\kmarshall\\techchat\\functions\\node_modules\\firebase-functions\\lib\\index.js"}
[debug] [2021-04-09T18:59:49.527Z] DEBUG: [runtime-status] [32376] Outgoing network have been stubbed. [{"name":"http","status":"mocked"},{"name":"http","status":"mocked"},{"name":"https","status":"mocked"},{"name":"https","status":"mocked"},{"name":"net","status":"mocked"}]
[debug] [2021-04-09T18:59:49.530Z] DEBUG: [runtime-status] [32376] Resolved module firebase-functions {"declared":true,"installed":true,"version":"3.13.2","resolution":"C:\\Users\\kmarshall\\techchat\\functions\\node_modules\\firebase-functions\\lib\\index.js"}
[debug] [2021-04-09T18:59:49.716Z] DEBUG: [runtime-status] [32376] Checked functions.config() {"config":{}}
[debug] [2021-04-09T18:59:49.716Z] DEBUG: [runtime-status] [32376] firebase-functions has been stubbed. {"functionsResolution":{"declared":true,"installed":true,"version":"3.13.2","resolution":"C:\\Users\\kmarshall\\techchat\\functions\\node_modules\\firebase-functions\\lib\\index.js"}}
[debug] [2021-04-09T18:59:49.718Z] DEBUG: [runtime-status] [32376] Resolved module firebase-functions {"declared":true,"installed":true,"version":"3.13.2","resolution":"C:\\Users\\kmarshall\\techchat\\functions\\node_modules\\firebase-functions\\lib\\index.js"}
[debug] [2021-04-09T18:59:49.721Z] DEBUG: [runtime-status] [32376] Resolved module firebase-admin {"declared":true,"installed":true,"version":"9.6.0","resolution":"C:\\Users\\kmarshall\\techchat\\functions\\node_modules\\firebase-admin\\lib\\index.js"}
[debug] [2021-04-09T18:59:49.722Z] DEBUG: [runtime-status] [32376] Resolved module firebase-functions {"declared":true,"installed":true,"version":"3.13.2","resolution":"C:\\Users\\kmarshall\\techchat\\functions\\node_modules\\firebase-functions\\lib\\index.js"}
[debug] [2021-04-09T18:59:49.723Z] DEBUG: [runtime-status] [32376] firebase-admin has been stubbed. {"adminResolution":{"declared":true,"installed":true,"version":"9.6.0","resolution":"C:\\Users\\kmarshall\\techchat\\functions\\node_modules\\firebase-admin\\lib\\index.js"}}
[warn] !  Error: Cannot find module 'bad-words'
Require stack:
- C:\Users\kmarshall\techchat\functions\index.js
- C:\Users\kmarshall\AppData\Roaming\npm\node_modules\firebase-tools\lib\emulator\functionsEmulatorRuntime.js
    at Function.Module._resolveFilename (internal/modules/cjs/loader.js:880:15)
    at Function.Module._load (internal/modules/cjs/loader.js:725:27)
    at Module.require (internal/modules/cjs/loader.js:952:19)
    at require (internal/modules/cjs/helpers.js:88:18)
    at Object.<anonymous> (C:\Users\kmarshall\techchat\functions\index.js:2:16)
    at Module._compile (internal/modules/cjs/loader.js:1063:30)
    at Object.Module._extensions..js (internal/modules/cjs/loader.js:1092:10)
    at Module.load (internal/modules/cjs/loader.js:928:32)
    at Function.Module._load (internal/modules/cjs/loader.js:769:14)
    at Module.require (internal/modules/cjs/loader.js:952:19) {"metadata":{"emulator":{"name":"functions"},"message":"Error: Cannot find module 'bad-words'\nRequire stack:\n- C:\\Users\\kmarshall\\techchat\\functions\\index.js\n- C:\\Users\\kmarshall\\AppData\\Roaming\\npm\\node_modules\\firebase-tools\\lib\\emulator\\functionsEmulatorRuntime.js\n    at Function.Module._resolveFilename (internal/modules/cjs/loader.js:880:15)\n    at Function.Module._load (internal/modules/cjs/loader.js:725:27)\n    at Module.require (internal/modules/cjs/loader.js:952:19)\n    at require (internal/modules/cjs/helpers.js:88:18)\n    at Object.<anonymous> (C:\\Users\\kmarshall\\techchat\\functions\\index.js:2:16)\n    at Module._compile (internal/modules/cjs/loader.js:1063:30)\n    at Object.Module._extensions..js (internal/modules/cjs/loader.js:1092:10)\n    at Module.load (internal/modules/cjs/loader.js:928:32)\n    at Function.Module._load (internal/modules/cjs/loader.js:769:14)\n    at Module.require (internal/modules/cjs/loader.js:952:19)"}}
[warn] !  We were unable to load your functions code. (see above)
   - It appears your code is written in Typescript, which must be compiled before emulation. {"metadata":{"emulator":{"name":"functions"}}}
[debug] [2021-04-09T18:59:49.797Z] DEBUG: [worker-~diagnostic~-d3e45a21-fe21-4057-a407-85f2e123a124]: exited
[debug] [2021-04-09T18:59:49.797Z] DEBUG: [worker-~diagnostic~-d3e45a21-fe21-4057-a407-85f2e123a124]: FINISHED
[debug] [2021-04-09T19:00:58.499Z] DEBUG: File C:\Users\kmarshall\techchat\functions\index.js changed, reloading triggers
[debug] [2021-04-09T19:00:59.507Z] DEBUG: [worker-pool] Cleaned up workers for ~diagnostic~: 1 --> 0
[debug] [2021-04-09T19:00:59.516Z] DEBUG: [worker-pool] addWorker(~diagnostic~)
[debug] [2021-04-09T19:00:59.517Z] DEBUG: [worker-pool] Adding worker with key ~diagnostic~, total=1
[debug] [2021-04-09T19:00:59.517Z] DEBUG: [worker-pool] submitWork(triggerId=)
[debug] [2021-04-09T19:00:59.517Z] DEBUG: [worker-~diagnostic~-310be1d5-2508-44a6-9564-bc01ada36cc6]: Assigning socketPath: \\?\pipe\C:\Users\kmarshall\techchat\functions\14780
[debug] [2021-04-09T19:00:59.517Z] DEBUG: [worker-~diagnostic~-310be1d5-2508-44a6-9564-bc01ada36cc6]: BUSY
[debug] [2021-04-09T19:01:00.280Z] DEBUG: [runtime-status] [14780] Functions runtime initialized. {"cwd":"C:\\Users\\kmarshall\\techchat\\functions","node_version":"14.16.1"}
[debug] [2021-04-09T19:01:00.282Z] DEBUG: [runtime-status] [14780] Disabled runtime features: undefined
[debug] [2021-04-09T19:01:00.291Z] DEBUG: [runtime-status] [14780] Resolved module firebase-admin {"declared":true,"installed":true,"version":"9.6.0","resolution":"C:\\Users\\kmarshall\\techchat\\functions\\node_modules\\firebase-admin\\lib\\index.js"}
[debug] [2021-04-09T19:01:00.297Z] DEBUG: [runtime-status] [14780] Resolved module firebase-functions {"declared":true,"installed":true,"version":"3.13.2","resolution":"C:\\Users\\kmarshall\\techchat\\functions\\node_modules\\firebase-functions\\lib\\index.js"}
[debug] [2021-04-09T19:01:00.301Z] DEBUG: [runtime-status] [14780] Resolved module firebase-functions {"declared":true,"installed":true,"version":"3.13.2","resolution":"C:\\Users\\kmarshall\\techchat\\functions\\node_modules\\firebase-functions\\lib\\index.js"}
[debug] [2021-04-09T19:01:00.303Z] DEBUG: [runtime-status] [14780] Outgoing network have been stubbed. [{"name":"http","status":"mocked"},{"name":"http","status":"mocked"},{"name":"https","status":"mocked"},{"name":"https","status":"mocked"},{"name":"net","status":"mocked"}]
[debug] [2021-04-09T19:01:00.305Z] DEBUG: [runtime-status] [14780] Resolved module firebase-functions {"declared":true,"installed":true,"version":"3.13.2","resolution":"C:\\Users\\kmarshall\\techchat\\functions\\node_modules\\firebase-functions\\lib\\index.js"}
[debug] [2021-04-09T19:01:00.443Z] DEBUG: [runtime-status] [14780] Checked functions.config() {"config":{}}
[debug] [2021-04-09T19:01:00.443Z] DEBUG: [runtime-status] [14780] firebase-functions has been stubbed. {"functionsResolution":{"declared":true,"installed":true,"version":"3.13.2","resolution":"C:\\Users\\kmarshall\\techchat\\functions\\node_modules\\firebase-functions\\lib\\index.js"}}
[debug] [2021-04-09T19:01:00.446Z] DEBUG: [runtime-status] [14780] Resolved module firebase-functions {"declared":true,"installed":true,"version":"3.13.2","resolution":"C:\\Users\\kmarshall\\techchat\\functions\\node_modules\\firebase-functions\\lib\\index.js"}
[debug] [2021-04-09T19:01:00.454Z] DEBUG: [runtime-status] [14780] Resolved module firebase-admin {"declared":true,"installed":true,"version":"9.6.0","resolution":"C:\\Users\\kmarshall\\techchat\\functions\\node_modules\\firebase-admin\\lib\\index.js"}
[debug] [2021-04-09T19:01:00.457Z] DEBUG: [runtime-status] [14780] Resolved module firebase-functions {"declared":true,"installed":true,"version":"3.13.2","resolution":"C:\\Users\\kmarshall\\techchat\\functions\\node_modules\\firebase-functions\\lib\\index.js"}
[debug] [2021-04-09T19:01:00.459Z] DEBUG: [runtime-status] [14780] firebase-admin has been stubbed. {"adminResolution":{"declared":true,"installed":true,"version":"9.6.0","resolution":"C:\\Users\\kmarshall\\techchat\\functions\\node_modules\\firebase-admin\\lib\\index.js"}}
[warn] !  Error: Cannot find module 'bad-words'
Require stack:
- C:\Users\kmarshall\techchat\functions\index.js
- C:\Users\kmarshall\AppData\Roaming\npm\node_modules\firebase-tools\lib\emulator\functionsEmulatorRuntime.js
    at Function.Module._resolveFilename (internal/modules/cjs/loader.js:880:15)
    at Function.Module._load (internal/modules/cjs/loader.js:725:27)
    at Module.require (internal/modules/cjs/loader.js:952:19)
    at require (internal/modules/cjs/helpers.js:88:18)
    at Object.<anonymous> (C:\Users\kmarshall\techchat\functions\index.js:2:16)
    at Module._compile (internal/modules/cjs/loader.js:1063:30)
    at Object.Module._extensions..js (internal/modules/cjs/loader.js:1092:10)
    at Module.load (internal/modules/cjs/loader.js:928:32)
    at Function.Module._load (internal/modules/cjs/loader.js:769:14)
    at Module.require (internal/modules/cjs/loader.js:952:19) {"metadata":{"emulator":{"name":"functions"},"message":"Error: Cannot find module 'bad-words'\nRequire stack:\n- C:\\Users\\kmarshall\\techchat\\functions\\index.js\n- C:\\Users\\kmarshall\\AppData\\Roaming\\npm\\node_modules\\firebase-tools\\lib\\emulator\\functionsEmulatorRuntime.js\n    at Function.Module._resolveFilename (internal/modules/cjs/loader.js:880:15)\n    at Function.Module._load (internal/modules/cjs/loader.js:725:27)\n    at Module.require (internal/modules/cjs/loader.js:952:19)\n    at require (internal/modules/cjs/helpers.js:88:18)\n    at Object.<anonymous> (C:\\Users\\kmarshall\\techchat\\functions\\index.js:2:16)\n    at Module._compile (internal/modules/cjs/loader.js:1063:30)\n    at Object.Module._extensions..js (internal/modules/cjs/loader.js:1092:10)\n    at Module.load (internal/modules/cjs/loader.js:928:32)\n    at Function.Module._load (internal/modules/cjs/loader.js:769:14)\n    at Module.require (internal/modules/cjs/loader.js:952:19)"}}
[warn] !  We were unable to load your functions code. (see above)
   - It appears your code is written in Typescript, which must be compiled before emulation. {"metadata":{"emulator":{"name":"functions"}}}
[debug] [2021-04-09T19:01:00.497Z] DEBUG: [worker-~diagnostic~-310be1d5-2508-44a6-9564-bc01ada36cc6]: exited
[debug] [2021-04-09T19:01:00.498Z] DEBUG: [worker-~diagnostic~-310be1d5-2508-44a6-9564-bc01ada36cc6]: FINISHED
